<?xml version="1.0" encoding="UTF-8"?>
<testng-results skipped="0" failed="0" total="2" passed="2">
  <reporter-output>
  </reporter-output>
  <suite name="Suite" duration-ms="325" started-at="2016-05-26T07:27:16Z" finished-at="2016-05-26T07:27:17Z">
    <groups>
    </groups>
    <test name="Android Galaxy S7" duration-ms="325" started-at="2016-05-26T07:27:16Z" finished-at="2016-05-26T07:27:17Z">
      <class name="IMDBappium">
        <test-method status="PASS" signature="beforTest(java.lang.String, java.lang.String)[pri:0, instance:IMDBappium@4e1d422d]" name="beforTest" is-config="true" duration-ms="309" started-at="2016-05-26T10:27:16Z" finished-at="2016-05-26T10:27:17Z">
          <params>
            <param index="0">
              <value>
                <![CDATA[C18641DD]]>
              </value>
            </param>
            <param index="1">
              <value>
                <![CDATA[Android]]>
              </value>
            </param>
          </params>
          <reporter-output>
          </reporter-output>
        </test-method> <!-- beforTest -->
        <test-method status="PASS" signature="f()[pri:0, instance:IMDBappium@4e1d422d]" name="f" duration-ms="4" started-at="2016-05-26T10:27:17Z" finished-at="2016-05-26T10:27:17Z">
          <reporter-output>
          </reporter-output>
        </test-method> <!-- f -->
        <test-method status="PASS" signature="afterTest()[pri:0, instance:IMDBappium@4e1d422d]" name="afterTest" is-config="true" duration-ms="2" started-at="2016-05-26T10:27:17Z" finished-at="2016-05-26T10:27:17Z">
          <reporter-output>
          </reporter-output>
        </test-method> <!-- afterTest -->
      </class> <!-- IMDBappium -->
    </test> <!-- Android Galaxy S7 -->
    <test name="iOS Iphone -6" duration-ms="324" started-at="2016-05-26T07:27:16Z" finished-at="2016-05-26T07:27:17Z">
      <class name="IMDBappium">
        <test-method status="PASS" signature="beforTest(java.lang.String, java.lang.String)[pri:0, instance:IMDBappium@6c3708b3]" name="beforTest" is-config="true" duration-ms="310" started-at="2016-05-26T10:27:16Z" finished-at="2016-05-26T10:27:17Z">
          <params>
            <param index="0">
              <value>
                <![CDATA[C08DAC73FB1E0EEBEF1A29B403A0B78E9F05F41C]]>
              </value>
            </param>
            <param index="1">
              <value>
                <![CDATA[iOS]]>
              </value>
            </param>
          </params>
          <reporter-output>
          </reporter-output>
        </test-method> <!-- beforTest -->
        <test-method status="PASS" signature="f()[pri:0, instance:IMDBappium@6c3708b3]" name="f" duration-ms="4" started-at="2016-05-26T10:27:17Z" finished-at="2016-05-26T10:27:17Z">
          <reporter-output>
          </reporter-output>
        </test-method> <!-- f -->
        <test-method status="PASS" signature="afterTest()[pri:0, instance:IMDBappium@6c3708b3]" name="afterTest" is-config="true" duration-ms="1" started-at="2016-05-26T10:27:17Z" finished-at="2016-05-26T10:27:17Z">
          <reporter-output>
          </reporter-output>
        </test-method> <!-- afterTest -->
      </class> <!-- IMDBappium -->
    </test> <!-- iOS Iphone -6 -->
  </suite> <!-- Suite -->
</testng-results>
